<?xml version="1.0" encoding="UTF-8"?>
<!-- Generated by org.testng.reporters.JUnitReportReporter -->
<testsuite name="selenium.TestngDemo" tests="1" time="9.859" ignored="0" failures="0" timestamp="21 Jan 2017 17:23:12 GMT" skipped="0" hostname="admin-PC" errors="0">
  <testcase name="verifyTitle" time="9.859" classname="selenium.TestngDemo"/>
</testsuite> <!-- selenium.TestngDemo -->
